<?xml version="1.0" encoding="UTF-8"?>
<testng-results ignored="0" total="1" passed="1" failed="0" skipped="0">
  <reporter-output>
  </reporter-output>
  <suite started-at="2022-05-17T17:50:06 IST" name="Default suite" finished-at="2022-05-17T17:50:33 IST" duration-ms="26450">
    <groups>
    </groups>
    <test started-at="2022-05-17T17:50:06 IST" name="Default test" finished-at="2022-05-17T17:50:33 IST" duration-ms="26450">
      <class name="Testcases.MydropdownPractice">
        <test-method is-config="true" signature="launchBrowser()[pri:0, instance:Testcases.MydropdownPractice@957e06]" started-at="2022-05-17T17:50:06 IST" name="launchBrowser" finished-at="2022-05-17T17:50:12 IST" duration-ms="5793" status="PASS">
          <reporter-output>
          </reporter-output>
        </test-method> <!-- launchBrowser -->
        <test-method signature="CheckboxPractice()[pri:0, instance:Testcases.MydropdownPractice@957e06]" started-at="2022-05-17T17:50:12 IST" name="CheckboxPractice" finished-at="2022-05-17T17:50:32 IST" duration-ms="20333" status="PASS">
          <reporter-output>
          </reporter-output>
        </test-method> <!-- CheckboxPractice -->
        <test-method is-config="true" signature="quitBrowser()[pri:0, instance:Testcases.MydropdownPractice@957e06]" started-at="2022-05-17T17:50:32 IST" name="quitBrowser" finished-at="2022-05-17T17:50:33 IST" duration-ms="269" status="PASS">
          <reporter-output>
          </reporter-output>
        </test-method> <!-- quitBrowser -->
      </class> <!-- Testcases.MydropdownPractice -->
    </test> <!-- Default test -->
  </suite> <!-- Default suite -->
</testng-results>
