<?xml version="1.0" encoding="UTF-8"?>
<testng-results ignored="0" total="1" passed="1" failed="0" skipped="0">
  <reporter-output>
  </reporter-output>
  <suite started-at="2022-05-17T18:12:49 IST" name="Default suite" finished-at="2022-05-17T18:12:56 IST" duration-ms="6914">
    <groups>
    </groups>
    <test started-at="2022-05-17T18:12:49 IST" name="Default test" finished-at="2022-05-17T18:12:56 IST" duration-ms="6914">
      <class name="Testcases.MyDropdownList">
        <test-method is-config="true" signature="launchBrowser()[pri:0, instance:Testcases.MyDropdownList@957e06]" started-at="2022-05-17T18:12:49 IST" name="launchBrowser" finished-at="2022-05-17T18:12:55 IST" duration-ms="6253" status="PASS">
          <reporter-output>
          </reporter-output>
        </test-method> <!-- launchBrowser -->
        <test-method signature="DropDownSelect()[pri:0, instance:Testcases.MyDropdownList@957e06]" started-at="2022-05-17T18:12:55 IST" name="DropDownSelect" finished-at="2022-05-17T18:12:55 IST" duration-ms="308" status="PASS">
          <reporter-output>
          </reporter-output>
        </test-method> <!-- DropDownSelect -->
        <test-method is-config="true" signature="quitBrowser()[pri:0, instance:Testcases.MyDropdownList@957e06]" started-at="2022-05-17T18:12:55 IST" name="quitBrowser" finished-at="2022-05-17T18:12:56 IST" duration-ms="301" status="PASS">
          <reporter-output>
          </reporter-output>
        </test-method> <!-- quitBrowser -->
      </class> <!-- Testcases.MyDropdownList -->
    </test> <!-- Default test -->
  </suite> <!-- Default suite -->
</testng-results>
